<?xml version="1.0" encoding="UTF-8"?>
<testsuite xmlns:xsi="http://www.w3.org/2001/XMLSchema-instance" xsi:noNamespaceSchemaLocation="https://maven.apache.org/surefire/maven-surefire-plugin/xsd/surefire-test-report.xsd" name="nl.hu.vkbep.lingo.word.application.WordServiceTest" time="0.041" tests="23" errors="0" skipped="0" failures="0">
  <properties>
[...]
</properties>
  <testcase name="wordLengthCheckTest{String, int, boolean}[1]" classname="nl.hu.vkbep.lingo.word.application.WordServiceTest" time="0"/>
  <testcase name="wordLengthCheckTest{String, int, boolean}[2]" classname="nl.hu.vkbep.lingo.word.application.WordServiceTest" time="0"/>
  <testcase name="wordLengthCheckTest{String, int, boolean}[3]" classname="nl.hu.vkbep.lingo.word.application.WordServiceTest" time="0"/>
  <testcase name="wordLengthCheckTest{String, int, boolean}[4]" classname="nl.hu.vkbep.lingo.word.application.WordServiceTest" time="0.001"/>
  <testcase name="wordLengthCheckTest{String, int, boolean}[5]" classname="nl.hu.vkbep.lingo.word.application.WordServiceTest" time="0"/>
  <testcase name="getLengthByGameType{GameType, int, boolean}[1]" classname="nl.hu.vkbep.lingo.word.application.WordServiceTest" time="0.001"/>
  <testcase name="getLengthByGameType{GameType, int, boolean}[2]" classname="nl.hu.vkbep.lingo.word.application.WordServiceTest" time="0"/>
  <testcase name="getLengthByGameType{GameType, int, boolean}[3]" classname="nl.hu.vkbep.lingo.word.application.WordServiceTest" time="0"/>
  <testcase name="getLengthByGameType{GameType, int, boolean}[4]" classname="nl.hu.vkbep.lingo.word.application.WordServiceTest" time="0"/>
  <testcase name="getLengthByGameType{GameType, int, boolean}[5]" classname="nl.hu.vkbep.lingo.word.application.WordServiceTest" time="0"/>
  <testcase name="getLengthByGameType{GameType, int, boolean}[6]" classname="nl.hu.vkbep.lingo.word.application.WordServiceTest" time="0"/>
  <testcase name="getLengthByGameType{GameType, int, boolean}[7]" classname="nl.hu.vkbep.lingo.word.application.WordServiceTest" time="0"/>
  <testcase name="getLengthByGameType{GameType, int, boolean}[8]" classname="nl.hu.vkbep.lingo.word.application.WordServiceTest" time="0"/>
  <testcase name="getLengthByGameType{GameType, int, boolean}[9]" classname="nl.hu.vkbep.lingo.word.application.WordServiceTest" time="0.001"/>
  <testcase name="letterCheck{String, String, List}[1]" classname="nl.hu.vkbep.lingo.word.application.WordServiceTest" time="0.023"/>
  <testcase name="letterCheck{String, String, List}[2]" classname="nl.hu.vkbep.lingo.word.application.WordServiceTest" time="0.001"/>
  <testcase name="letterCheck{String, String, List}[3]" classname="nl.hu.vkbep.lingo.word.application.WordServiceTest" time="0.001"/>
  <testcase name="letterCheck{String, String, List}[4]" classname="nl.hu.vkbep.lingo.word.application.WordServiceTest" time="0"/>
  <testcase name="wordCheckTest{String, String, boolean}[1]" classname="nl.hu.vkbep.lingo.word.application.WordServiceTest" time="0"/>
  <testcase name="wordCheckTest{String, String, boolean}[2]" classname="nl.hu.vkbep.lingo.word.application.WordServiceTest" time="0"/>
  <testcase name="wordCheckTest{String, String, boolean}[3]" classname="nl.hu.vkbep.lingo.word.application.WordServiceTest" time="0"/>
  <testcase name="wordCheckTest{String, String, boolean}[4]" classname="nl.hu.vkbep.lingo.word.application.WordServiceTest" time="0.001"/>
  <testcase name="wordCheckTest{String, String, boolean}[5]" classname="nl.hu.vkbep.lingo.word.application.WordServiceTest" time="0.001"/>
</testsuite>